<?xml version="1.0" encoding="UTF-8"?>
<testsuite xmlns:xsi="http://www.w3.org/2001/XMLSchema-instance" xsi:noNamespaceSchemaLocation="https://maven.apache.org/surefire/maven-surefire-plugin/xsd/surefire-test-report.xsd" version="3.0.2" name="com.pigeonskyracespringsecurity.PigeonSkyRaceSpringSecurityApplicationTests" time="9.846" tests="1" errors="0" skipped="0" failures="0">
  <properties>
[...]
</properties>
  <testcase name="contextLoads" classname="com.pigeonskyracespringsecurity.PigeonSkyRaceSpringSecurityApplicationTests" time="0.519">
    <system-out><![CDATA[12:12:09.698 [main] INFO org.springframework.test.context.support.AnnotationConfigContextLoaderUtils -- Could not detect default configuration classes for test class [com.pigeonskyracespringsecurity.PigeonSkyRaceSpringSecurityApplicationTests]: PigeonSkyRaceSpringSecurityApplicationTests does not declare any static, non-private, non-final, nested classes annotated with @Configuration.
12:12:09.828 [main] INFO org.springframework.boot.test.context.SpringBootTestContextBootstrapper -- Found @SpringBootConfiguration com.pigeonskyracespringsecurity.PigeonSkyRaceSpringSecurityApplication for test class com.pigeonskyracespringsecurity.PigeonSkyRaceSpringSecurityApplicationTests

  .   ____          _            __ _ _
 /\\ / ___'_ __ _ _(_)_ __  __ _ \ \ \ \
( ( )\___ | '_ | '_| | '_ \/ _` | \ \ \ \
 \\/  ___)| |_)| | | | | || (_| |  ) ) ) )
  '  |____| .__|_| |_|_| |_\__, | / / / /
 =========|_|==============|___/=/_/_/_/

 :: Spring Boot ::                (v3.4.0)

2024-12-06T12:12:10.613+01:00  INFO 8032 --- [PigeonSkyRaceSpringSecurity] [           main] eonSkyRaceSpringSecurityApplicationTests : Starting PigeonSkyRaceSpringSecurityApplicationTests using Java 17.0.12 with PID 8032 (started by youcode in C:\springboot\PigeonSkyRaceSpringSecurity)
2024-12-06T12:12:10.618+01:00  INFO 8032 --- [PigeonSkyRaceSpringSecurity] [           main] eonSkyRaceSpringSecurityApplicationTests : The following 1 profile is active: "test"
2024-12-06T12:12:11.820+01:00  INFO 8032 --- [PigeonSkyRaceSpringSecurity] [           main] .s.d.r.c.RepositoryConfigurationDelegate : Multiple Spring Data modules found, entering strict repository configuration mode
2024-12-06T12:12:11.822+01:00  INFO 8032 --- [PigeonSkyRaceSpringSecurity] [           main] .s.d.r.c.RepositoryConfigurationDelegate : Bootstrapping Spring Data JDBC repositories in DEFAULT mode.
2024-12-06T12:12:11.881+01:00  INFO 8032 --- [PigeonSkyRaceSpringSecurity] [           main] .RepositoryConfigurationExtensionSupport : Spring Data JDBC - Could not safely identify store assignment for repository candidate interface com.pigeonskyracespringsecurity.repository.CompetitionRepository; If you want this repository to be a JDBC repository, consider annotating your entities with one of these annotations: org.springframework.data.relational.core.mapping.Table.
2024-12-06T12:12:11.884+01:00  INFO 8032 --- [PigeonSkyRaceSpringSecurity] [           main] .RepositoryConfigurationExtensionSupport : Spring Data JDBC - Could not safely identify store assignment for repository candidate interface com.pigeonskyracespringsecurity.repository.PigeonRepository; If you want this repository to be a JDBC repository, consider annotating your entities with one of these annotations: org.springframework.data.relational.core.mapping.Table.
2024-12-06T12:12:11.885+01:00  INFO 8032 --- [PigeonSkyRaceSpringSecurity] [           main] .RepositoryConfigurationExtensionSupport : Spring Data JDBC - Could not safely identify store assignment for repository candidate interface com.pigeonskyracespringsecurity.repository.RoleRepository; If you want this repository to be a JDBC repository, consider annotating your entities with one of these annotations: org.springframework.data.relational.core.mapping.Table.
2024-12-06T12:12:11.887+01:00  INFO 8032 --- [PigeonSkyRaceSpringSecurity] [           main] .RepositoryConfigurationExtensionSupport : Spring Data JDBC - Could not safely identify store assignment for repository candidate interface com.pigeonskyracespringsecurity.repository.UserRepository; If you want this repository to be a JDBC repository, consider annotating your entities with one of these annotations: org.springframework.data.relational.core.mapping.Table.
2024-12-06T12:12:11.888+01:00  INFO 8032 --- [PigeonSkyRaceSpringSecurity] [           main] .s.d.r.c.RepositoryConfigurationDelegate : Finished Spring Data repository scanning in 55 ms. Found 0 JDBC repository interfaces.
2024-12-06T12:12:11.905+01:00  INFO 8032 --- [PigeonSkyRaceSpringSecurity] [           main] .s.d.r.c.RepositoryConfigurationDelegate : Multiple Spring Data modules found, entering strict repository configuration mode
2024-12-06T12:12:11.907+01:00  INFO 8032 --- [PigeonSkyRaceSpringSecurity] [           main] .s.d.r.c.RepositoryConfigurationDelegate : Bootstrapping Spring Data JPA repositories in DEFAULT mode.
2024-12-06T12:12:11.990+01:00  INFO 8032 --- [PigeonSkyRaceSpringSecurity] [           main] .s.d.r.c.RepositoryConfigurationDelegate : Finished Spring Data repository scanning in 72 ms. Found 4 JPA repository interfaces.
2024-12-06T12:12:12.810+01:00  INFO 8032 --- [PigeonSkyRaceSpringSecurity] [           main] o.hibernate.jpa.internal.util.LogHelper  : HHH000204: Processing PersistenceUnitInfo [name: default]
2024-12-06T12:12:13.019+01:00  INFO 8032 --- [PigeonSkyRaceSpringSecurity] [           main] org.hibernate.Version                    : HHH000412: Hibernate ORM core version 6.6.2.Final
2024-12-06T12:12:13.129+01:00  INFO 8032 --- [PigeonSkyRaceSpringSecurity] [           main] o.h.c.internal.RegionFactoryInitiator    : HHH000026: Second-level cache disabled
2024-12-06T12:12:13.882+01:00  INFO 8032 --- [PigeonSkyRaceSpringSecurity] [           main] o.s.o.j.p.SpringPersistenceUnitInfo      : No LoadTimeWeaver setup: ignoring JPA class transformer
2024-12-06T12:12:13.953+01:00  INFO 8032 --- [PigeonSkyRaceSpringSecurity] [           main] com.zaxxer.hikari.HikariDataSource       : HikariPool-1 - Starting...
2024-12-06T12:12:14.338+01:00  INFO 8032 --- [PigeonSkyRaceSpringSecurity] [           main] com.zaxxer.hikari.pool.HikariPool        : HikariPool-1 - Added connection org.postgresql.jdbc.PgConnection@110620d
2024-12-06T12:12:14.341+01:00  INFO 8032 --- [PigeonSkyRaceSpringSecurity] [           main] com.zaxxer.hikari.HikariDataSource       : HikariPool-1 - Start completed.
2024-12-06T12:12:14.442+01:00  INFO 8032 --- [PigeonSkyRaceSpringSecurity] [           main] org.hibernate.orm.connections.pooling    : HHH10001005: Database info:
	Database JDBC URL [Connecting through datasource 'HikariDataSource (HikariPool-1)']
	Database driver: undefined/unknown
	Database version: 16.2
	Autocommit mode: undefined/unknown
	Isolation level: undefined/unknown
	Minimum pool size: undefined/unknown
	Maximum pool size: undefined/unknown
2024-12-06T12:12:16.138+01:00  INFO 8032 --- [PigeonSkyRaceSpringSecurity] [           main] o.h.e.t.j.p.i.JtaPlatformInitiator       : HHH000489: No JTA platform available (set 'hibernate.transaction.jta.platform' to enable JTA platform integration)
2024-12-06T12:12:16.281+01:00  INFO 8032 --- [PigeonSkyRaceSpringSecurity] [           main] j.LocalContainerEntityManagerFactoryBean : Initialized JPA EntityManagerFactory for persistence unit 'default'
2024-12-06T12:12:16.976+01:00  INFO 8032 --- [PigeonSkyRaceSpringSecurity] [           main] eAuthenticationProviderManagerConfigurer : Global AuthenticationManager configured with AuthenticationProvider bean with name customAuthenticationProvider
2024-12-06T12:12:17.432+01:00 DEBUG 8032 --- [PigeonSkyRaceSpringSecurity] [           main] edFilterInvocationSecurityMetadataSource : Adding web access control expression [permitAll] for any request
2024-12-06T12:12:17.470+01:00 DEBUG 8032 --- [PigeonSkyRaceSpringSecurity] [           main] o.s.s.web.DefaultSecurityFilterChain     : Will secure any request with filters: DisableEncodeUrlFilter, WebAsyncManagerIntegrationFilter, SecurityContextHolderFilter, HeaderWriterFilter, LogoutFilter, BasicAuthenticationFilter, RequestCacheAwareFilter, SecurityContextHolderAwareRequestFilter, AnonymousAuthenticationFilter, ExceptionTranslationFilter, FilterSecurityInterceptor
2024-12-06T12:12:18.207+01:00  INFO 8032 --- [PigeonSkyRaceSpringSecurity] [           main] eonSkyRaceSpringSecurityApplicationTests : Started PigeonSkyRaceSpringSecurityApplicationTests in 8.119 seconds (process running for 9.562)
Hibernate: 
    select
        count(*) 
    from
        roles r1_0
]]></system-out>
  </testcase>
</testsuite>